<?xml version="1.0" encoding="UTF-8"?>
<!-- Generated by org.testng.reporters.JUnitReportReporter -->
<testsuite hostname="subham" failures="0" tests="2" name="practice.SampleTest" time="0.008" errors="0" timestamp="2024-01-29T15:32:16 IST" skipped="0">
  <testcase classname="practice.SampleTest" name="sample1Test" time="0.007"/>
  <system-out/>
  <testcase classname="practice.SampleTest" name="sample2Test" time="0.001"/>
  <system-out/>
</testsuite> <!-- practice.SampleTest -->
