<?xml version="1.0" encoding="UTF-8"?>
<!-- Generated by org.testng.reporters.JUnitReportReporter -->
<testsuite hostname="subham" failures="0" tests="1" name="aftab.AdminLogout" time="0.002" errors="0" timestamp="2024-01-29T15:32:16 IST" skipped="0">
  <testcase classname="aftab.AdminLogout" name="logout" time="0.002"/>
  <system-out/>
</testsuite> <!-- aftab.AdminLogout -->
