<?xml version="1.0" encoding="UTF-8"?>
<!-- Generated by org.testng.reporters.JUnitReportReporter -->
<testsuite hostname="subham" failures="0" tests="3" name="practice.PracticeTest" time="0.009" errors="0" timestamp="2024-01-29T15:32:16 IST" skipped="0">
  <testcase classname="practice.PracticeTest" name="practice1Test" time="0.003"/>
  <system-out/>
  <testcase classname="practice.PracticeTest" name="practice2Test" time="0.003"/>
  <system-out/>
  <testcase classname="practice.PracticeTest" name="practice4Test" time="0.003"/>
  <system-out/>
</testsuite> <!-- practice.PracticeTest -->
