<?xml version="1.0" encoding="UTF-8"?>
<!-- Generated by org.testng.reporters.JUnitReportReporter -->
<testsuite hostname="subham" failures="0" tests="1" name="aftab.AdminLogin" time="0.007" errors="0" timestamp="2024-01-29T15:32:16 IST" skipped="0">
  <testcase classname="aftab.AdminLogin" name="login" time="0.007"/>
  <system-out/>
</testsuite> <!-- aftab.AdminLogin -->
