<?xml version="1.0" encoding="UTF-8"?>
<!-- Generated by org.testng.reporters.JUnitReportReporter -->
<testsuite hostname="subham" failures="0" tests="2" name="practice.DemoTest" time="0.016" errors="0" timestamp="2024-01-29T15:32:16 IST" skipped="0">
  <testcase classname="practice.DemoTest" name="demo1Test" time="0.012"/>
  <system-out/>
  <testcase classname="practice.DemoTest" name="demo4Test" time="0.004"/>
  <system-out/>
</testsuite> <!-- practice.DemoTest -->
